[17:15:58] [main/INFO]: Environment: authHost='https://authserver.mojang.com', accountsHost='https://api.mojang.com', sessionHost='https://sessionserver.mojang.com', name='PROD'
[17:15:59] [main/WARN]: Ambiguity between arguments [teleport, destination] and [teleport, targets] with inputs: [Player, 0123, @e, dd12be42-52a9-4a91-a8a1-11c01849e498]
[17:15:59] [main/WARN]: Ambiguity between arguments [teleport, location] and [teleport, destination] with inputs: [0.1 -0.5 .9, 0 0 0]
[17:15:59] [main/WARN]: Ambiguity between arguments [teleport, location] and [teleport, targets] with inputs: [0.1 -0.5 .9, 0 0 0]
[17:15:59] [main/WARN]: Ambiguity between arguments [teleport, targets] and [teleport, destination] with inputs: [Player, 0123, dd12be42-52a9-4a91-a8a1-11c01849e498]
[17:15:59] [main/WARN]: Ambiguity between arguments [teleport, targets, location] and [teleport, targets, destination] with inputs: [0.1 -0.5 .9, 0 0 0]
[17:15:59] [main/INFO]: Reloading ResourceManager: Default
[17:16:01] [Worker-Main-5/INFO]: Loaded 7 recipes
[17:16:02] [Worker-Main-5/INFO]: Loaded 927 advancements
[17:16:05] [Server thread/INFO]: Starting minecraft server version 1.16.2
[17:16:05] [Server thread/INFO]: Loading properties
[17:16:05] [Server thread/INFO]: Default game type: SURVIVAL
[17:16:05] [Server thread/INFO]: Generating keypair
[17:16:05] [Server thread/INFO]: Starting Minecraft server on *:25565
[17:16:05] [Server thread/INFO]: Using default channel type
[17:16:07] [Server thread/WARN]: **** SERVER IS RUNNING IN OFFLINE/INSECURE MODE!
[17:16:07] [Server thread/WARN]: The server will make no attempt to authenticate usernames. Beware.
[17:16:07] [Server thread/WARN]: While this makes the game possible to play without internet access, it also opens up the ability for hackers to connect with any username they choose.
[17:16:07] [Server thread/WARN]: To change this, set "online-mode" to "true" in the server.properties file.
[17:16:07] [Server thread/INFO]: Preparing level "world"
[17:16:07] [Server thread/INFO]: Preparing start region for dimension minecraft:overworld
[17:16:11] [Server thread/INFO]: Preparing spawn area: 0%
[17:16:11] [Server thread/INFO]: Preparing spawn area: 0%
[17:16:11] [Server thread/INFO]: Preparing spawn area: 0%
[17:16:11] [Server thread/INFO]: Preparing spawn area: 0%
[17:16:11] [Server thread/INFO]: Preparing spawn area: 0%
[17:16:11] [Server thread/INFO]: Preparing spawn area: 0%
[17:16:11] [Server thread/INFO]: Preparing spawn area: 0%
[17:16:11] [Server thread/INFO]: Preparing spawn area: 0%
[17:16:11] [Server thread/INFO]: Preparing spawn area: 0%
[17:16:12] [Server thread/INFO]: Preparing spawn area: 0%
[17:16:13] [Server thread/INFO]: Preparing spawn area: 0%
[17:16:13] [Server thread/INFO]: Preparing spawn area: 83%
[17:16:13] [Server thread/INFO]: Preparing spawn area: 83%
[17:16:18] [Server thread/INFO]: Time elapsed: 11264 ms
[17:16:18] [Server thread/INFO]: Done (11.555s)! For help, type "help"
[17:16:25] [Server thread/WARN]: Can't keep up! Is the server overloaded? Running 6978ms or 139 ticks behind
[17:16:43] [Server thread/INFO]: Seafoodd[/78.36.181.182:51920] logged in with entity id 4690 at (244.0192631093469, 100.80801390946182, -81.79072872421631)
[17:16:44] [Server thread/INFO]: Seafoodd joined the game
[17:16:45] [Server thread/WARN]: Fetching packet for removed entity bcs['Dirt'/4542, l='ServerLevel[world]', x=236.37, y=70.66, z=-101.40]
[17:16:46] [Server thread/WARN]: Fetching packet for removed entity bcs['Dirt'/4545, l='ServerLevel[world]', x=235.59, y=70.69, z=-101.26]
[17:16:46] [Server thread/WARN]: Fetching packet for removed entity bcs['Dirt'/4541, l='ServerLevel[world]', x=239.33, y=69.59, z=-103.57]
[17:16:46] [Server thread/WARN]: Fetching packet for removed entity bcs['Dirt'/1299, l='ServerLevel[world]', x=233.23, y=71.00, z=-99.72]
[17:16:46] [Server thread/WARN]: Fetching packet for removed entity bcs['Dirt'/4540, l='ServerLevel[world]', x=237.75, y=70.57, z=-100.73]
[17:16:47] [Server thread/WARN]: Fetching packet for removed entity bcs['Dirt'/4527, l='ServerLevel[world]', x=233.51, y=69.75, z=-96.63]
[17:16:47] [Server thread/WARN]: Fetching packet for removed entity bcs['Dirt'/4543, l='ServerLevel[world]', x=236.30, y=69.42, z=-99.65]
[17:16:47] [Server thread/WARN]: Fetching packet for removed entity bcs['Cobblestone'/4526, l='ServerLevel[world]', x=234.61, y=68.72, z=-94.45]
[17:16:47] [Server thread/WARN]: Fetching packet for removed entity bcs['Cobblestone'/4491, l='ServerLevel[world]', x=239.67, y=78.63, z=-66.27]
[17:16:47] [Server thread/WARN]: Fetching packet for removed entity bcs['Cobblestone'/4476, l='ServerLevel[world]', x=234.33, y=78.71, z=-60.62]
[17:16:48] [Server thread/WARN]: Fetching packet for removed entity bcs['Dirt'/4635, l='ServerLevel[world]', x=251.46, y=96.45, z=-147.50]
[17:16:48] [Server thread/WARN]: Fetching packet for removed entity bcs['Snowball'/4636, l='ServerLevel[world]', x=250.63, y=97.52, z=-147.29]
[17:16:48] [Server thread/WARN]: Fetching packet for removed entity bcs['Spruce Sapling'/4570, l='ServerLevel[world]', x=249.28, y=66.28, z=-98.51]
[17:16:49] [Server thread/WARN]: Fetching packet for removed entity bcs['Dirt'/4554, l='ServerLevel[world]', x=254.44, y=64.71, z=-109.64]
[17:16:49] [Server thread/WARN]: Fetching packet for removed entity bcs['Dirt'/4556, l='ServerLevel[world]', x=254.39, y=64.32, z=-110.36]
[17:16:49] [Server thread/WARN]: Fetching packet for removed entity bcs['Cobblestone'/4550, l='ServerLevel[world]', x=253.42, y=64.55, z=-111.36]
[17:16:49] [Server thread/WARN]: Fetching packet for removed entity bcs['Dirt'/1021, l='ServerLevel[world]', x=249.15, y=64.00, z=-93.44]
[17:16:49] [Server thread/WARN]: Fetching packet for removed entity bcs['Spruce Sapling'/1030, l='ServerLevel[world]', x=250.70, y=65.37, z=-93.82]
[17:16:49] [Server thread/WARN]: Fetching packet for removed entity bcs['Dirt'/4549, l='ServerLevel[world]', x=256.29, y=64.70, z=-108.30]
[17:16:49] [Server thread/WARN]: Fetching packet for removed entity bcs['Dirt'/4552, l='ServerLevel[world]', x=258.26, y=64.42, z=-111.51]
[17:16:49] [Server thread/WARN]: Fetching packet for removed entity bcs['Dirt'/4555, l='ServerLevel[world]', x=259.57, y=63.51, z=-110.37]
[17:16:51] [Server thread/WARN]: Fetching packet for removed entity bcs['Dirt'/500, l='ServerLevel[world]', x=269.76, y=62.69, z=-78.88]
[17:16:51] [Server thread/WARN]: Fetching packet for removed entity bcs['Dirt'/525, l='ServerLevel[world]', x=263.09, y=64.63, z=-77.13]
[17:16:51] [Server thread/WARN]: Fetching packet for removed entity bcs['Cobblestone'/501, l='ServerLevel[world]', x=269.59, y=62.11, z=-75.47]
[17:16:52] [Server thread/WARN]: Fetching packet for removed entity bcs['Dirt'/499, l='ServerLevel[world]', x=271.90, y=63.37, z=-76.27]
[17:16:52] [Server thread/WARN]: Fetching packet for removed entity bcs['Dirt'/4587, l='ServerLevel[world]', x=287.46, y=62.75, z=-69.28]
[17:16:52] [Server thread/WARN]: Fetching packet for removed entity bcs['Granite'/4509, l='ServerLevel[world]', x=281.70, y=70.68, z=-55.68]
[17:16:52] [Server thread/WARN]: Fetching packet for removed entity bcs['Cobblestone'/4596, l='ServerLevel[world]', x=281.46, y=70.43, z=-47.25]
[17:16:52] [Server thread/WARN]: Fetching packet for removed entity bcs['Spruce Sapling'/4625, l='ServerLevel[world]', x=302.65, y=72.69, z=-103.49]
[17:16:52] [Server thread/WARN]: Fetching packet for removed entity bcs['Spruce Sapling'/4617, l='ServerLevel[world]', x=288.59, y=67.29, z=-96.69]
[17:16:53] [Server thread/WARN]: Fetching packet for removed entity bcs['Spruce Log'/4624, l='ServerLevel[world]', x=300.29, y=72.54, z=-103.45]
[17:16:53] [Server thread/WARN]: Fetching packet for removed entity bcs['Dandelion'/4618, l='ServerLevel[world]', x=288.41, y=63.60, z=-96.36]
[17:16:53] [Server thread/WARN]: Fetching packet for removed entity bcs['Stick'/4616, l='ServerLevel[world]', x=289.74, y=67.30, z=-95.27]
[17:16:53] [Server thread/WARN]: Fetching packet for removed entity bcs['Stick'/4585, l='ServerLevel[world]', x=289.42, y=67.26, z=-74.38]
[17:16:53] [Server thread/WARN]: Fetching packet for removed entity bcs['Raw Porkchop'/4581, l='ServerLevel[world]', x=290.86, y=64.86, z=-71.43]
[17:16:54] [Server thread/WARN]: Fetching packet for removed entity bcs['Dirt'/4588, l='ServerLevel[world]', x=290.46, y=62.39, z=-65.74]
[17:16:54] [Server thread/WARN]: Fetching packet for removed entity bcs['Spruce Log'/4583, l='ServerLevel[world]', x=294.49, y=64.50, z=-70.61]
[17:16:54] [Server thread/WARN]: Fetching packet for removed entity bcs['Stick'/4677, l='ServerLevel[world]', x=312.42, y=66.27, z=-82.53]
[17:16:54] [Server thread/WARN]: Fetching packet for removed entity bcs['Spruce Log'/4676, l='ServerLevel[world]', x=317.54, y=63.65, z=-84.37]
[17:16:54] [Server thread/WARN]: Fetching packet for removed entity bcs['Dirt'/4681, l='ServerLevel[world]', x=312.67, y=63.32, z=-83.36]
[17:16:54] [Server thread/WARN]: Fetching packet for removed entity bcs['Dirt'/4675, l='ServerLevel[world]', x=313.52, y=63.68, z=-86.51]
[17:16:55] [Server thread/WARN]: Fetching packet for removed entity bcs['Dirt'/4679, l='ServerLevel[world]', x=311.30, y=63.66, z=-85.66]
[17:16:55] [Server thread/WARN]: Fetching packet for removed entity bcs['Wheat Seeds'/4678, l='ServerLevel[world]', x=316.51, y=63.52, z=-83.32]
[17:16:55] [Server thread/WARN]: Fetching packet for removed entity bcs['Spruce Sapling'/4652, l='ServerLevel[world]', x=308.50, y=67.45, z=-22.66]
[17:17:02] [Server thread/WARN]: Fetching packet for removed entity bcs['Cobblestone'/4693, l='ServerLevel[world]', x=245.54, y=77.74, z=-52.54]
[17:17:02] [Server thread/WARN]: Fetching packet for removed entity bcs['Cobblestone'/4695, l='ServerLevel[world]', x=246.31, y=78.40, z=-66.54]
[17:17:02] [Server thread/WARN]: Fetching packet for removed entity bcs['Cobblestone'/4696, l='ServerLevel[world]', x=242.66, y=77.49, z=-64.46]
[17:17:02] [Server thread/WARN]: Fetching packet for removed entity bcs['Diorite'/4697, l='ServerLevel[world]', x=247.51, y=77.42, z=-69.42]
[17:17:02] [Server thread/WARN]: Fetching packet for removed entity bcs['Diorite'/4698, l='ServerLevel[world]', x=254.72, y=77.65, z=-53.66]
[17:17:02] [Server thread/WARN]: Fetching packet for removed entity bcs['Cobblestone'/4699, l='ServerLevel[world]', x=253.27, y=78.64, z=-55.71]
[17:17:02] [Server thread/WARN]: Fetching packet for removed entity bcs['Cobblestone'/4700, l='ServerLevel[world]', x=256.49, y=77.52, z=-51.39]
[17:17:02] [Server thread/WARN]: Fetching packet for removed entity bcs['Cobblestone'/4703, l='ServerLevel[world]', x=252.68, y=77.53, z=-56.63]
[17:17:02] [Server thread/WARN]: Fetching packet for removed entity bcs['Coal'/4704, l='ServerLevel[world]', x=251.60, y=76.74, z=-54.59]
[17:17:02] [Server thread/WARN]: Fetching packet for removed entity bcs['Cobblestone'/4706, l='ServerLevel[world]', x=250.56, y=78.38, z=-58.34]
[17:17:02] [Server thread/WARN]: Fetching packet for removed entity bcs['Diorite'/4720, l='ServerLevel[world]', x=248.74, y=77.33, z=-69.64]
[17:17:02] [Server thread/WARN]: Fetching packet for removed entity bcs['Cobblestone'/4721, l='ServerLevel[world]', x=247.74, y=77.26, z=-66.43]
[17:17:02] [Server thread/WARN]: Fetching packet for removed entity bcs['Cobblestone'/4722, l='ServerLevel[world]', x=244.73, y=76.44, z=-69.60]
[17:17:02] [Server thread/WARN]: Fetching packet for removed entity bcs['Cobblestone'/4724, l='ServerLevel[world]', x=246.36, y=75.73, z=-68.65]
[17:17:02] [Server thread/WARN]: Fetching packet for removed entity bcs['Dirt'/4745, l='ServerLevel[world]', x=266.60, y=63.74, z=-86.38]
[17:17:02] [Server thread/WARN]: Fetching packet for removed entity bcs['Dirt'/4749, l='ServerLevel[world]', x=266.60, y=63.49, z=-83.51]
[17:17:02] [Server thread/WARN]: Fetching packet for removed entity bcs['Spruce Log'/4752, l='ServerLevel[world]', x=269.43, y=67.67, z=-101.64]
[17:17:02] [Server thread/WARN]: Fetching packet for removed entity bcs['Dirt'/4754, l='ServerLevel[world]', x=265.51, y=64.61, z=-101.33]
[17:17:02] [Server thread/WARN]: Fetching packet for removed entity bcs['Cobblestone'/4769, l='ServerLevel[world]', x=259.61, y=77.28, z=-50.66]
[17:17:02] [Server thread/WARN]: Fetching packet for removed entity bcs['Cobblestone'/4770, l='ServerLevel[world]', x=263.71, y=76.59, z=-46.28]
[17:17:02] [Server thread/WARN]: Fetching packet for removed entity bcs['Cobblestone'/4771, l='ServerLevel[world]', x=263.43, y=73.56, z=-47.65]
[17:17:03] [Server thread/WARN]: Fetching packet for removed entity bcs['Cobblestone'/4772, l='ServerLevel[world]', x=263.45, y=74.42, z=-45.57]
[17:17:03] [Server thread/WARN]: Fetching packet for removed entity bcs['Cobblestone'/4776, l='ServerLevel[world]', x=262.63, y=73.58, z=-46.32]
[17:17:03] [Server thread/WARN]: Fetching packet for removed entity bcs['Dandelion'/4832, l='ServerLevel[world]', x=292.31, y=63.48, z=-97.41]
[17:17:03] [Server thread/WARN]: Fetching packet for removed entity bcs['Dirt'/4833, l='ServerLevel[world]', x=286.55, y=61.67, z=-91.44]
[17:17:03] [Server thread/WARN]: Fetching packet for removed entity bcs['Spruce Log'/4834, l='ServerLevel[world]', x=294.25, y=65.44, z=-96.60]
[17:17:03] [Server thread/WARN]: Fetching packet for removed entity bcs['Spruce Sapling'/4835, l='ServerLevel[world]', x=293.30, y=65.58, z=-96.55]
[17:17:03] [Server thread/WARN]: Fetching packet for removed entity bcs['Dirt'/4836, l='ServerLevel[world]', x=289.43, y=60.39, z=-92.75]
[17:17:03] [Server thread/WARN]: Fetching packet for removed entity bcs['Dirt'/4837, l='ServerLevel[world]', x=286.55, y=62.54, z=-94.57]
[17:17:03] [Server thread/WARN]: Fetching packet for removed entity bcs['Dirt'/4838, l='ServerLevel[world]', x=288.53, y=62.45, z=-95.26]
[17:17:03] [Server thread/WARN]: Fetching packet for removed entity bcs['Dirt'/4839, l='ServerLevel[world]', x=293.71, y=60.73, z=-93.55]
[17:17:03] [Server thread/WARN]: Fetching packet for removed entity bcs['Dirt'/4840, l='ServerLevel[world]', x=290.73, y=62.66, z=-96.67]
[17:17:03] [Server thread/WARN]: Fetching packet for removed entity bcs['Dirt'/4841, l='ServerLevel[world]', x=295.40, y=60.39, z=-89.29]
[17:17:03] [Server thread/WARN]: Fetching packet for removed entity bcs['Dirt'/4842, l='ServerLevel[world]', x=291.33, y=60.39, z=-92.62]
[17:17:03] [Server thread/WARN]: Fetching packet for removed entity bcs['Dirt'/4843, l='ServerLevel[world]', x=289.42, y=61.60, z=-96.55]
[17:17:03] [Server thread/WARN]: Fetching packet for removed entity bcs['Dandelion'/4844, l='ServerLevel[world]', x=292.67, y=63.64, z=-98.74]
[17:17:03] [Server thread/WARN]: Fetching packet for removed entity bcs['Raw Porkchop'/4845, l='ServerLevel[world]', x=286.62, y=63.00, z=-86.78]
[17:17:03] [Server thread/WARN]: Fetching packet for removed entity bcs['Dirt'/4846, l='ServerLevel[world]', x=287.65, y=63.38, z=-84.41]
[17:17:03] [Server thread/WARN]: Fetching packet for removed entity bcs['Spruce Log'/4847, l='ServerLevel[world]', x=288.57, y=67.57, z=-85.69]
[17:17:03] [Server thread/WARN]: Fetching packet for removed entity bcs['Dirt'/4848, l='ServerLevel[world]', x=286.34, y=62.44, z=-90.38]
[17:17:03] [Server thread/WARN]: Fetching packet for removed entity bcs['Dirt'/4857, l='ServerLevel[world]', x=282.59, y=61.59, z=-88.41]
[17:17:03] [Server thread/WARN]: Fetching packet for removed entity bcs['Dirt'/4861, l='ServerLevel[world]', x=287.50, y=62.67, z=-95.52]
[17:17:03] [Server thread/WARN]: Fetching packet for removed entity bcs['Spruce Log'/4902, l='ServerLevel[world]', x=308.50, y=68.43, z=-71.29]
[17:17:03] [Server thread/WARN]: Fetching packet for removed entity bcs['Dirt'/4904, l='ServerLevel[world]', x=296.70, y=63.65, z=-70.28]
[17:17:07] [Server thread/WARN]: Fetching packet for removed entity bcs['Dirt'/4958, l='ServerLevel[world]', x=221.72, y=84.26, z=-50.26]
[17:17:07] [Server thread/WARN]: Fetching packet for removed entity bcs['Cobblestone'/4959, l='ServerLevel[world]', x=222.47, y=81.46, z=-48.37]
[17:17:07] [Server thread/WARN]: Fetching packet for removed entity bcs['Dirt'/4960, l='ServerLevel[world]', x=224.68, y=85.73, z=-49.37]
[17:17:07] [Server thread/WARN]: Fetching packet for removed entity bcs['Dirt'/4961, l='ServerLevel[world]', x=222.53, y=82.55, z=-49.35]
[17:17:07] [Server thread/WARN]: Fetching packet for removed entity bcs['Cobblestone'/4972, l='ServerLevel[world]', x=252.52, y=80.58, z=-42.25]
[17:17:07] [Server thread/WARN]: Fetching packet for removed entity bcs['Cobblestone'/4973, l='ServerLevel[world]', x=256.60, y=79.48, z=-41.30]
[17:17:07] [Server thread/WARN]: Fetching packet for removed entity bcs['Cobblestone'/4974, l='ServerLevel[world]', x=252.30, y=79.40, z=-43.42]
[17:17:07] [Server thread/WARN]: Fetching packet for removed entity bcs['Cobblestone'/4986, l='ServerLevel[world]', x=226.53, y=76.29, z=-67.69]
[17:17:07] [Server thread/WARN]: Fetching packet for removed entity bcs['Dirt'/4987, l='ServerLevel[world]', x=225.49, y=75.55, z=-71.32]
[17:17:07] [Server thread/WARN]: Fetching packet for removed entity bcs['Dirt'/4988, l='ServerLevel[world]', x=221.38, y=76.41, z=-70.60]
[17:17:07] [Server thread/WARN]: Fetching packet for removed entity bcs['Cobblestone'/4989, l='ServerLevel[world]', x=227.55, y=75.72, z=-67.46]
[17:17:07] [Server thread/WARN]: Fetching packet for removed entity bcs['Dirt'/5003, l='ServerLevel[world]', x=274.71, y=61.61, z=-86.67]
[17:17:07] [Server thread/WARN]: Fetching packet for removed entity bcs['Cobblestone'/5008, l='ServerLevel[world]', x=280.53, y=69.26, z=-57.54]
[17:17:07] [Server thread/WARN]: Fetching packet for removed entity bcs['Dirt'/5031, l='ServerLevel[world]', x=283.29, y=60.74, z=-89.51]
[17:17:07] [Server thread/WARN]: Fetching packet for removed entity bcs['Dirt'/5050, l='ServerLevel[world]', x=284.64, y=60.42, z=-93.47]
[17:17:07] [Server thread/WARN]: Fetching packet for removed entity bcs['Dirt'/5051, l='ServerLevel[world]', x=286.35, y=61.35, z=-95.60]
[17:17:07] [Server thread/WARN]: Fetching packet for removed entity bcs['Dirt'/5064, l='ServerLevel[world]', x=288.46, y=78.30, z=-117.33]
[17:17:07] [Server thread/WARN]: Fetching packet for removed entity bcs['Spruce Log'/5065, l='ServerLevel[world]', x=292.55, y=77.55, z=-117.64]
[17:17:07] [Server thread/WARN]: Fetching packet for removed entity bcs['Spruce Sapling'/5066, l='ServerLevel[world]', x=290.57, y=79.38, z=-117.34]
[17:17:07] [Server thread/WARN]: Fetching packet for removed entity bcs['Stick'/5067, l='ServerLevel[world]', x=292.30, y=79.63, z=-118.73]
[17:17:07] [Server thread/WARN]: Fetching packet for removed entity bcs['Dirt'/5068, l='ServerLevel[world]', x=289.56, y=78.45, z=-118.42]
[17:17:07] [Server thread/WARN]: Fetching packet for removed entity bcs['Dirt'/5088, l='ServerLevel[world]', x=311.66, y=62.42, z=-61.53]
[17:17:11] [Server thread/WARN]: Fetching packet for removed entity bcs['Cobblestone'/5197, l='ServerLevel[world]', x=257.32, y=72.65, z=-76.61]
[17:17:11] [Server thread/WARN]: Fetching packet for removed entity bcs['Cobblestone'/5210, l='ServerLevel[world]', x=272.58, y=69.37, z=-52.31]
[17:17:11] [Server thread/WARN]: Fetching packet for removed entity bcs['Diorite'/5213, l='ServerLevel[world]', x=266.47, y=65.74, z=-52.59]
[17:17:11] [Server thread/WARN]: Fetching packet for removed entity bcs['Spruce Log'/5214, l='ServerLevel[world]', x=291.49, y=81.51, z=-52.36]
[17:17:11] [Server thread/WARN]: Fetching packet for removed entity bcs['Cobblestone'/5216, l='ServerLevel[world]', x=262.25, y=71.72, z=-45.51]
[17:17:11] [Server thread/WARN]: Fetching packet for removed entity bcs['Cobblestone'/5217, l='ServerLevel[world]', x=273.58, y=71.54, z=-43.45]
[17:17:11] [Server thread/WARN]: Fetching packet for removed entity bcs['Diorite'/5218, l='ServerLevel[world]', x=273.33, y=71.44, z=-46.69]
[17:17:11] [Server thread/WARN]: Fetching packet for removed entity bcs['Coal'/5219, l='ServerLevel[world]', x=270.33, y=69.31, z=-43.48]
[17:17:11] [Server thread/WARN]: Fetching packet for removed entity bcs['Cobblestone'/5220, l='ServerLevel[world]', x=273.53, y=69.56, z=-46.32]
[17:17:11] [Server thread/WARN]: Fetching packet for removed entity bcs['Spruce Sapling'/5226, l='ServerLevel[world]', x=266.69, y=72.45, z=-119.39]
[17:17:11] [Server thread/WARN]: Fetching packet for removed entity bcs['Cobblestone'/5229, l='ServerLevel[world]', x=236.45, y=69.37, z=-107.26]
[17:17:11] [Server thread/WARN]: Fetching packet for removed entity bcs['Dirt'/5230, l='ServerLevel[world]', x=233.74, y=69.60, z=-108.46]
[17:17:11] [Server thread/WARN]: Fetching packet for removed entity bcs['Granite'/5231, l='ServerLevel[world]', x=238.47, y=68.50, z=-106.31]
[17:17:11] [Server thread/WARN]: Fetching packet for removed entity bcs['Dirt'/5232, l='ServerLevel[world]', x=237.56, y=72.26, z=-109.54]
[17:17:11] [Server thread/WARN]: Fetching packet for removed entity bcs['Dirt'/5233, l='ServerLevel[world]', x=237.69, y=69.26, z=-106.55]
[17:17:11] [Server thread/WARN]: Fetching packet for removed entity bcs['Dirt'/5234, l='ServerLevel[world]', x=235.29, y=70.35, z=-107.28]
[17:17:11] [Server thread/WARN]: Fetching packet for removed entity bcs['Dirt'/5235, l='ServerLevel[world]', x=232.42, y=71.26, z=-104.51]
[17:17:11] [Server thread/WARN]: Fetching packet for removed entity bcs['Dirt'/5236, l='ServerLevel[world]', x=234.27, y=70.40, z=-107.30]
[17:17:12] [Server thread/WARN]: Fetching packet for removed entity bcs['Dirt'/5237, l='ServerLevel[world]', x=233.57, y=69.42, z=-107.36]
[17:17:12] [Server thread/WARN]: Fetching packet for removed entity bcs['Dirt'/5261, l='ServerLevel[world]', x=286.43, y=61.31, z=-74.71]
[17:17:12] [Server thread/WARN]: Fetching packet for removed entity bcs['Dirt'/5262, l='ServerLevel[world]', x=286.45, y=61.59, z=-75.38]
[17:17:12] [Server thread/WARN]: Fetching packet for removed entity bcs['Dirt'/5286, l='ServerLevel[world]', x=286.72, y=65.67, z=-37.66]
[17:17:12] [Server thread/WARN]: Fetching packet for removed entity bcs['Dirt'/5287, l='ServerLevel[world]', x=287.63, y=64.40, z=-35.47]
[17:17:12] [Server thread/WARN]: Fetching packet for removed entity bcs['Dirt'/5289, l='ServerLevel[world]', x=285.71, y=65.57, z=-34.64]
[17:17:12] [Server thread/WARN]: Fetching packet for removed entity bcs['Dirt'/5320, l='ServerLevel[world]', x=315.66, y=60.53, z=-67.43]
[17:17:12] [Server thread/WARN]: Fetching packet for removed entity bcs['Dirt'/5323, l='ServerLevel[world]', x=315.68, y=60.62, z=-70.62]
[17:17:12] [Server thread/WARN]: Fetching packet for removed entity bcs['Dirt'/5324, l='ServerLevel[world]', x=308.43, y=60.67, z=-70.29]
[17:17:12] [Server thread/WARN]: Fetching packet for removed entity bcs['Cobblestone'/5325, l='ServerLevel[world]', x=309.34, y=60.35, z=-70.64]
[17:17:12] [Server thread/WARN]: Fetching packet for removed entity bcs['Dirt'/5326, l='ServerLevel[world]', x=313.31, y=60.57, z=-71.59]
[17:17:12] [Server thread/WARN]: Fetching packet for removed entity bcs['Dirt'/5327, l='ServerLevel[world]', x=308.48, y=60.72, z=-68.57]
[17:17:12] [Server thread/WARN]: Fetching packet for removed entity bcs['Granite'/5328, l='ServerLevel[world]', x=311.27, y=60.71, z=-68.49]
[17:17:12] [Server thread/WARN]: Fetching packet for removed entity bcs['Spruce Log'/5336, l='ServerLevel[world]', x=327.37, y=63.32, z=-66.58]
[17:17:12] [Server thread/WARN]: Fetching packet for removed entity bcs['Stick'/5347, l='ServerLevel[world]', x=309.45, y=64.75, z=-96.52]
[17:17:12] [Server thread/WARN]: Fetching packet for removed entity bcs['Spruce Log'/5349, l='ServerLevel[world]', x=311.37, y=65.61, z=-96.46]
[17:17:12] [Server thread/WARN]: Seafoodd moved too quickly! 0.14160904756968762,-11.433643280623414,0.8111635586652426
[17:17:15] [Server thread/WARN]: Fetching packet for removed entity bcs['Spruce Sapling'/5424, l='ServerLevel[world]', x=225.69, y=76.65, z=-100.32]
[17:17:15] [Server thread/WARN]: Fetching packet for removed entity bcs['Spruce Log'/5425, l='ServerLevel[world]', x=227.62, y=77.71, z=-100.37]
[17:17:15] [Server thread/WARN]: Fetching packet for removed entity bcs['Spruce Log'/5526, l='ServerLevel[world]', x=331.30, y=68.69, z=-97.46]
[17:17:15] [Server thread/WARN]: Fetching packet for removed entity bcs['Spruce Log'/5553, l='ServerLevel[world]', x=313.46, y=68.63, z=-52.54]
[17:17:15] [Server thread/WARN]: Fetching packet for removed entity bcs['Spruce Sapling'/5554, l='ServerLevel[world]', x=313.58, y=68.66, z=-48.28]
[17:17:15] [Server thread/WARN]: Fetching packet for removed entity bcs['Dirt'/5555, l='ServerLevel[world]', x=319.63, y=62.29, z=-50.57]
[17:17:15] [Server thread/WARN]: Fetching packet for removed entity bcs['Stick'/5556, l='ServerLevel[world]', x=321.68, y=66.33, z=-50.36]
[17:17:17] [Server thread/WARN]: Fetching packet for removed entity bcs['Dirt'/5583, l='ServerLevel[world]', x=280.63, y=60.72, z=-90.34]
[17:17:18] [Server thread/WARN]: Fetching packet for removed entity bcs['Dirt'/5585, l='ServerLevel[world]', x=275.62, y=61.60, z=-92.59]
[17:17:18] [Server thread/WARN]: Fetching packet for removed entity bcs['Spruce Log'/5586, l='ServerLevel[world]', x=274.72, y=68.63, z=-96.43]
[17:17:18] [Server thread/WARN]: Fetching packet for removed entity bcs['Cobblestone'/5590, l='ServerLevel[world]', x=262.70, y=74.66, z=-55.38]
[17:17:18] [Server thread/WARN]: Fetching packet for removed entity bcs['Cobblestone'/5607, l='ServerLevel[world]', x=270.37, y=61.70, z=-89.54]
[17:17:18] [Server thread/WARN]: Fetching packet for removed entity bcs['Dirt'/5635, l='ServerLevel[world]', x=266.37, y=63.28, z=-96.67]
[17:17:21] [Server thread/WARN]: Fetching packet for removed entity bcs['Dirt'/5804, l='ServerLevel[world]', x=231.69, y=74.44, z=-114.75]
[17:17:21] [Server thread/WARN]: Fetching packet for removed entity bcs['Stick'/5805, l='ServerLevel[world]', x=235.51, y=76.48, z=-113.50]
[17:17:21] [Server thread/WARN]: Fetching packet for removed entity bcs['Spruce Log'/5806, l='ServerLevel[world]', x=236.31, y=75.36, z=-113.49]
[17:17:21] [Server thread/WARN]: Fetching packet for removed entity bcs['Dirt'/5807, l='ServerLevel[world]', x=236.25, y=71.46, z=-113.28]
[17:17:21] [Server thread/WARN]: Fetching packet for removed entity bcs['Spruce Sapling'/5808, l='ServerLevel[world]', x=231.42, y=74.70, z=-111.28]
[17:17:21] [Server thread/WARN]: Fetching packet for removed entity bcs['Dirt'/5809, l='ServerLevel[world]', x=234.34, y=71.30, z=-112.66]
[17:17:21] [Server thread/WARN]: Fetching packet for removed entity bcs['Dirt'/5810, l='ServerLevel[world]', x=237.35, y=73.53, z=-111.25]
[17:17:21] [Server thread/WARN]: Fetching packet for removed entity bcs['Dirt'/5811, l='ServerLevel[world]', x=233.46, y=73.36, z=-113.40]
[17:17:21] [Server thread/WARN]: Fetching packet for removed entity bcs['Dirt'/5812, l='ServerLevel[world]', x=234.39, y=73.27, z=-114.63]
[17:17:21] [Server thread/WARN]: Fetching packet for removed entity bcs['Spruce Log'/5817, l='ServerLevel[world]', x=240.67, y=77.27, z=-116.28]
[17:17:23] [Server thread/WARN]: Fetching packet for removed entity bcs['Dirt'/5930, l='ServerLevel[world]', x=277.49, y=63.52, z=-102.40]
[17:17:23] [Server thread/WARN]: Fetching packet for removed entity bcs['Spruce Log'/5931, l='ServerLevel[world]', x=278.65, y=66.40, z=-101.41]
[17:17:23] [Server thread/WARN]: Fetching packet for removed entity bcs['Dirt'/5932, l='ServerLevel[world]', x=275.61, y=63.39, z=-103.31]
[17:17:23] [Server thread/WARN]: Fetching packet for removed entity bcs['Dirt'/5933, l='ServerLevel[world]', x=274.51, y=62.49, z=-104.62]
[17:17:23] [Server thread/WARN]: Fetching packet for removed entity bcs['Spruce Sapling'/5943, l='ServerLevel[world]', x=267.26, y=65.72, z=-119.51]
[17:17:23] [Server thread/WARN]: Fetching packet for removed entity bcs['Stick'/5944, l='ServerLevel[world]', x=271.33, y=66.31, z=-120.42]
[17:17:23] [Server thread/WARN]: Fetching packet for removed entity bcs['Spruce Log'/5945, l='ServerLevel[world]', x=269.45, y=68.64, z=-120.53]
[17:17:23] [Server thread/WARN]: Fetching packet for removed entity bcs['Poppy'/5947, l='ServerLevel[world]', x=271.30, y=64.63, z=-121.29]
[17:17:25] [Server thread/WARN]: Fetching packet for removed entity bcs['Cobblestone'/6034, l='ServerLevel[world]', x=264.46, y=60.26, z=-86.49]
[17:17:25] [Server thread/WARN]: Fetching packet for removed entity bcs['Dirt'/6035, l='ServerLevel[world]', x=262.40, y=61.59, z=-83.69]
[17:17:25] [Server thread/WARN]: Fetching packet for removed entity bcs['Cobblestone'/6036, l='ServerLevel[world]', x=266.54, y=61.57, z=-81.66]
[17:17:25] [Server thread/WARN]: Fetching packet for removed entity bcs['Dirt'/6037, l='ServerLevel[world]', x=265.72, y=62.40, z=-81.39]
[17:17:25] [Server thread/WARN]: Fetching packet for removed entity bcs['Dirt'/6041, l='ServerLevel[world]', x=264.40, y=62.55, z=-79.53]
[17:17:25] [Server thread/WARN]: Fetching packet for removed entity bcs['Spruce Log'/6050, l='ServerLevel[world]', x=263.31, y=70.66, z=-116.34]
[17:17:25] [Server thread/WARN]: Fetching packet for removed entity bcs['Spruce Sapling'/6076, l='ServerLevel[world]', x=318.49, y=66.38, z=-115.48]
[17:17:25] [Server thread/WARN]: Fetching packet for removed entity bcs['Spruce Log'/6078, l='ServerLevel[world]', x=318.30, y=64.53, z=-117.65]
[17:17:25] [Server thread/WARN]: Fetching packet for removed entity bcs['Stick'/6079, l='ServerLevel[world]', x=318.29, y=68.71, z=-116.60]
[17:17:25] [Server thread/WARN]: Fetching packet for removed entity bcs['Spruce Sapling'/6105, l='ServerLevel[world]', x=321.67, y=67.56, z=-111.37]
[17:17:26] [Server thread/WARN]: Fetching packet for removed entity bcs['Wheat Seeds'/6141, l='ServerLevel[world]', x=211.48, y=74.74, z=-76.37]
[17:17:26] [Server thread/WARN]: Fetching packet for removed entity bcs['Spruce Sapling'/6217, l='ServerLevel[world]', x=326.65, y=65.34, z=-101.35]
[17:17:26] [Server Watchdog/FATAL]: A single server tick took 60.06 seconds (should be max 0.05)
[17:17:26] [Server Watchdog/FATAL]: Considering it to be crashed, server will forcibly shutdown.
[17:17:27] [Server Watchdog/ERROR]: This crash report has been saved to: E:\Games\Server\.\crash-reports\crash-2020-09-10_17.17.27-server.txt
